0 verbose cli /Users/heinschulie/.nvm/versions/node/v22.20.0/bin/node /Users/heinschulie/.nvm/versions/node/v22.20.0/bin/npm
1 info using npm@10.9.3
2 info using node@v22.20.0
3 silly config load:file:/Users/heinschulie/.nvm/versions/node/v22.20.0/lib/node_modules/npm/npmrc
4 info config found workspace root at /Users/heinschulie/Documents/code/babylon
5 silly config load:file:/Users/heinschulie/Documents/code/babylon/.npmrc
6 silly config load:file:/Users/heinschulie/.nvm/versions/node/v22.20.0/etc/npmrc
7 verbose title npm run build:web
8 verbose argv "run" "build:web"
9 verbose logfile logs-max:10 dir:/Users/heinschulie/Documents/code/babylon/.npm/_logs/2026-02-09T19_40_08_485Z-
10 verbose logfile /Users/heinschulie/Documents/code/babylon/.npm/_logs/2026-02-09T19_40_08_485Z-debug-0.log
11 silly logfile done cleaning log files
12 verbose stack Error: Missing script: "build:web"
12 verbose stack
12 verbose stack To see a list of scripts, run:
12 verbose stack   npm run --workspace=@babylon/verifier@0.0.1
12 verbose stack     at #run (/Users/heinschulie/.nvm/versions/node/v22.20.0/lib/node_modules/npm/lib/commands/run-script.js:111:13)
12 verbose stack     at RunScript.execWorkspaces (/Users/heinschulie/.nvm/versions/node/v22.20.0/lib/node_modules/npm/lib/commands/run-script.js:63:24)
12 verbose stack     at async Npm.exec (/Users/heinschulie/.nvm/versions/node/v22.20.0/lib/node_modules/npm/lib/npm.js:207:9)
12 verbose stack     at async module.exports (/Users/heinschulie/.nvm/versions/node/v22.20.0/lib/node_modules/npm/lib/cli/entry.js:74:5)
13 error Lifecycle script `build:web` failed with error:
14 error workspace @babylon/verifier@0.0.1
15 error location /Users/heinschulie/Documents/code/babylon/apps/verifier
16 error Missing script: "build:web"
16 error
16 error To see a list of scripts, run:
16 error   npm run --workspace=@babylon/verifier@0.0.1
17 verbose cwd /Users/heinschulie/Documents/code/babylon/apps/verifier
18 verbose os Darwin 25.2.0
19 verbose node v22.20.0
20 verbose npm  v10.9.3
21 verbose exit 1
22 verbose code 1
