$ vite build
vite v7.3.1 building ssr environment for production...
transforming...
"getTelemetryAuthConfig" is imported from external module "@better-auth/telemetry" but never used in "../../node_modules/better-auth/dist/index.mjs".
"optionsMiddleware" is imported from external module "@better-auth/core/api" but never used in "../../node_modules/better-auth/dist/api/index.mjs".
✓ 876 modules transformed.
rendering chunks...
vite v7.3.1 building client environment for production...
transforming...
✓ 897 modules transformed.
Export "ConvexClient" of module "../../node_modules/convex/dist/esm/browser/simple_client.js" was reexported through module "../../node_modules/convex/dist/esm/browser/index.js" while both modules are dependencies of each other and will end up in different chunks by current Rollup settings. This scenario is not well supported at the moment as it will produce a circular dependency between chunks and will likely lead to broken execution order.
Either change the import in "src/lib/convex.ts" to point directly to the exporting module or reconfigure "output.manualChunks" to ensure these modules end up in the same chunk.
rendering chunks...
computing gzip size...
.svelte-kit/output/client/_app/version.json                        0.03 kB │ gzip:  0.05 kB
.svelte-kit/output/client/.vite/manifest.json                     12.26 kB │ gzip:  1.38 kB
.svelte-kit/output/client/_app/immutable/assets/0.4c3b3263.css    54.14 kB │ gzip:  9.88 kB
.svelte-kit/output/client/_app/immutable/chunks/a9f1842f.js        0.04 kB │ gzip:  0.06 kB
.svelte-kit/output/client/_app/immutable/entry/start.0a7aae95.js   0.08 kB │ gzip:  0.09 kB
.svelte-kit/output/client/_app/immutable/chunks/c1381360.js        0.20 kB │ gzip:  0.17 kB
.svelte-kit/output/client/_app/immutable/chunks/8c84ee26.js        0.20 kB │ gzip:  0.17 kB
.svelte-kit/output/client/_app/immutable/chunks/4b7ed212.js        0.21 kB │ gzip:  0.15 kB
.svelte-kit/output/client/_app/immutable/chunks/a5659130.js        0.25 kB │ gzip:  0.20 kB
.svelte-kit/output/client/_app/immutable/nodes/3.7380a41d.js       0.37 kB │ gzip:  0.29 kB
.svelte-kit/output/client/_app/immutable/nodes/4.35616a06.js       0.40 kB │ gzip:  0.30 kB
.svelte-kit/output/client/_app/immutable/chunks/fb331d7f.js        0.44 kB │ gzip:  0.31 kB
.svelte-kit/output/client/_app/immutable/nodes/1.bb369e5a.js       0.49 kB │ gzip:  0.30 kB
.svelte-kit/output/client/_app/immutable/chunks/ddb675d8.js        0.51 kB │ gzip:  0.32 kB
.svelte-kit/output/client/_app/immutable/chunks/3cc6752e.js        0.52 kB │ gzip:  0.35 kB
.svelte-kit/output/client/_app/immutable/chunks/48858408.js        0.55 kB │ gzip:  0.37 kB
.svelte-kit/output/client/_app/immutable/chunks/840838e0.js        0.57 kB │ gzip:  0.38 kB
.svelte-kit/output/client/_app/immutable/chunks/4b1e6f09.js        1.13 kB │ gzip:  0.65 kB
.svelte-kit/output/client/_app/immutable/chunks/4e6716dc.js        1.39 kB │ gzip:  0.57 kB
.svelte-kit/output/client/_app/immutable/chunks/1f615a2c.js        1.49 kB │ gzip:  0.78 kB
.svelte-kit/output/client/_app/immutable/chunks/2b4e231d.js        2.25 kB │ gzip:  1.12 kB
.svelte-kit/output/client/_app/immutable/chunks/33f451b3.js        2.45 kB │ gzip:  1.24 kB
.svelte-kit/output/client/_app/immutable/nodes/5.763f358e.js       3.05 kB │ gzip:  1.35 kB
.svelte-kit/output/client/_app/immutable/nodes/8.f257bdae.js       3.35 kB │ gzip:  1.42 kB
.svelte-kit/output/client/_app/immutable/chunks/62e4c738.js        3.82 kB │ gzip:  1.81 kB
.svelte-kit/output/client/_app/immutable/nodes/7.131060de.js       4.13 kB │ gzip:  1.76 kB
.svelte-kit/output/client/_app/immutable/chunks/c17651b9.js        4.83 kB │ gzip:  2.09 kB
.svelte-kit/output/client/_app/immutable/chunks/63f41f2c.js        4.89 kB │ gzip:  2.16 kB
.svelte-kit/output/client/_app/immutable/nodes/9.18d562fd.js       5.33 kB │ gzip:  2.17 kB
.svelte-kit/output/client/_app/immutable/entry/app.ea94a992.js     7.33 kB │ gzip:  2.99 kB
.svelte-kit/output/client/_app/immutable/chunks/8f85ef07.js        7.60 kB │ gzip:  3.15 kB
.svelte-kit/output/client/_app/immutable/nodes/2.a094a5c8.js       7.63 kB │ gzip:  2.96 kB
.svelte-kit/output/client/_app/immutable/nodes/10.4fbe1c78.js      8.07 kB │ gzip:  3.09 kB
.svelte-kit/output/client/_app/immutable/nodes/0.1066504f.js       8.73 kB │ gzip:  3.85 kB
.svelte-kit/output/client/_app/immutable/chunks/48c7201b.js       11.46 kB │ gzip:  4.55 kB
.svelte-kit/output/client/_app/immutable/nodes/11.27c6c089.js     11.99 kB │ gzip:  4.25 kB
.svelte-kit/output/client/_app/immutable/nodes/6.af06a887.js      16.16 kB │ gzip:  5.73 kB
.svelte-kit/output/client/_app/immutable/chunks/8b0cb860.js       22.58 kB │ gzip:  8.94 kB
.svelte-kit/output/client/_app/immutable/chunks/dd297ec3.js       24.14 kB │ gzip:  9.47 kB
.svelte-kit/output/client/_app/immutable/chunks/1d947441.js       27.23 kB │ gzip: 10.03 kB
.svelte-kit/output/client/_app/immutable/chunks/0701c483.js       32.66 kB │ gzip: 11.27 kB
.svelte-kit/output/client/_app/immutable/chunks/a31edcf7.js       42.72 kB │ gzip: 13.13 kB
.svelte-kit/output/client/_app/immutable/chunks/b1448760.js       68.18 kB │ gzip: 19.12 kB
✓ built in 1.67s
.svelte-kit/output/server/.vite/manifest.json                                   12.53 kB
.svelte-kit/output/server/_app/immutable/assets/_layout.4c3b3263.css            54.14 kB
.svelte-kit/output/server/chunks/false.js                                        0.04 kB
.svelte-kit/output/server/entries/hooks.server.js                                0.10 kB
.svelte-kit/output/server/chunks/api.js                                          0.12 kB
.svelte-kit/output/server/chunks/environment.js                                  0.19 kB
.svelte-kit/output/server/entries/endpoints/api/auth/_...all_/_server.ts.js      0.20 kB
.svelte-kit/output/server/chunks/public.js                                       0.22 kB
.svelte-kit/output/server/chunks/shared-server.js                                0.28 kB
.svelte-kit/output/server/entries/pages/billing/cancel/_page.svelte.js           0.33 kB
.svelte-kit/output/server/entries/fallbacks/error.svelte.js                      0.35 kB
.svelte-kit/output/server/entries/pages/billing/return/_page.svelte.js           0.36 kB
.svelte-kit/output/server/chunks/state.svelte.js                                 0.39 kB
.svelte-kit/output/server/internal.js                                            0.43 kB
.svelte-kit/output/server/chunks/auth.js                                         0.43 kB
.svelte-kit/output/server/chunks/server.js                                       0.50 kB
.svelte-kit/output/server/chunks/card-content.js                                 0.64 kB
.svelte-kit/output/server/chunks/card.js                                         0.67 kB
.svelte-kit/output/server/chunks/card-footer.js                                  0.67 kB
.svelte-kit/output/server/chunks/utils2.js                                       0.85 kB
.svelte-kit/output/server/chunks/index4.js                                       1.04 kB
.svelte-kit/output/server/chunks/utils.js                                        1.15 kB
.svelte-kit/output/server/chunks/card-title.js                                   1.91 kB
.svelte-kit/output/server/chunks/routing.js                                      2.29 kB
.svelte-kit/output/server/chunks/index.js                                        2.66 kB
.svelte-kit/output/server/chunks/button.js                                       2.91 kB
.svelte-kit/output/server/chunks/url.js                                          3.32 kB
.svelte-kit/output/server/chunks/events.js                                       3.90 kB
.svelte-kit/output/server/chunks/bun-sqlite-dialect.js                           4.28 kB
.svelte-kit/output/server/chunks/node-sqlite-dialect.js                          4.29 kB
.svelte-kit/output/server/chunks/client.svelte.js                                5.08 kB
.svelte-kit/output/server/entries/pages/login/_page.svelte.js                    5.16 kB
.svelte-kit/output/server/entries/pages/practice/session/_id_/_page.svelte.js    5.38 kB
.svelte-kit/output/server/chunks/exports.js                                      5.59 kB
.svelte-kit/output/server/entries/pages/register/_page.svelte.js                 5.87 kB
.svelte-kit/output/server/chunks/index5.js                                       9.27 kB
.svelte-kit/output/server/entries/pages/reveal/_id_/_page.svelte.js              9.71 kB
.svelte-kit/output/server/entries/pages/practice/_page.svelte.js                10.74 kB
.svelte-kit/output/server/entries/pages/_layout.svelte.js                       11.33 kB
.svelte-kit/output/server/entries/pages/_page.svelte.js                         14.17 kB
.svelte-kit/output/server/chunks/index6.js                                      14.38 kB
.svelte-kit/output/server/chunks/label.js                                       16.14 kB
.svelte-kit/output/server/entries/pages/session/_id_/_page.svelte.js            16.22 kB
.svelte-kit/output/server/remote-entry.js                                       18.32 kB
.svelte-kit/output/server/chunks/shared.js                                      18.45 kB
.svelte-kit/output/server/entries/pages/settings/_page.svelte.js                22.27 kB
.svelte-kit/output/server/chunks/index3.js                                      24.05 kB
.svelte-kit/output/server/chunks/auth-client.js                                 26.22 kB
.svelte-kit/output/server/chunks/internal.js                                    27.11 kB
.svelte-kit/output/server/chunks/index2.js                                      30.97 kB
.svelte-kit/output/server/chunks/context.js                                     53.41 kB
.svelte-kit/output/server/chunks/dialog-trigger.js                              67.83 kB
.svelte-kit/output/server/index.js                                             125.84 kB
.svelte-kit/output/server/chunks/hooks.server.js                               207.24 kB
✓ built in 4.16s

Run npm run preview to preview your production build locally.

> Using @sveltejs/adapter-netlify
  ✔ done
